<?xml version="1.0" encoding="UTF-8"?>
<testng-results skipped="0" failed="0" total="1" passed="1">
  <reporter-output>
  </reporter-output>
  <suite name="Default suite" duration-ms="387511" started-at="2018-04-11T04:51:47Z" finished-at="2018-04-11T04:58:15Z">
    <groups>
      <group name="cucumber">
        <method signature="AbstractTestNGCucumberTests.feature(cucumber.api.testng.CucumberFeatureWrapper)[pri:0, instance:runner.RunCukes@7fac631b]" name="feature" class="cucumber.api.testng.AbstractTestNGCucumberTests"/>
      </group> <!-- cucumber -->
    </groups>
    <test name="Default test" duration-ms="387511" started-at="2018-04-11T04:51:47Z" finished-at="2018-04-11T04:58:15Z">
      <class name="runner.RunCukes">
        <test-method status="PASS" signature="setUpClass()[pri:0, instance:runner.RunCukes@7fac631b]" name="setUpClass" is-config="true" duration-ms="2270" started-at="2018-04-10T23:51:47Z" finished-at="2018-04-10T23:51:50Z">
          <reporter-output>
          </reporter-output>
        </test-method> <!-- setUpClass -->
        <test-method status="PASS" signature="setup()[pri:0, instance:runner.RunCukes@7fac631b]" name="setup" is-config="true" duration-ms="119" started-at="2018-04-10T23:51:50Z" finished-at="2018-04-10T23:51:50Z">
          <reporter-output>
          </reporter-output>
        </test-method> <!-- setup -->
        <test-method status="PASS" signature="feature(cucumber.api.testng.CucumberFeatureWrapper)[pri:0, instance:runner.RunCukes@7fac631b]" name="feature" duration-ms="382101" started-at="2018-04-10T23:51:50Z" description="Runs Cucumber Feature" data-provider="features" finished-at="2018-04-10T23:58:12Z">
          <params>
            <param index="0">
              <value>
                <![CDATA[CNet Global EndToEndDeployment Scenario]]>
              </value>
            </param>
          </params>
          <reporter-output>
          </reporter-output>
        </test-method> <!-- feature -->
        <test-method status="PASS" signature="teardown()[pri:0, instance:runner.RunCukes@7fac631b]" name="teardown" is-config="true" duration-ms="569" started-at="2018-04-10T23:58:12Z" finished-at="2018-04-10T23:58:13Z">
          <reporter-output>
          </reporter-output>
        </test-method> <!-- teardown -->
        <test-method status="PASS" signature="tearDownClass()[pri:0, instance:runner.RunCukes@7fac631b]" name="tearDownClass" is-config="true" duration-ms="1747" started-at="2018-04-10T23:58:13Z" finished-at="2018-04-10T23:58:15Z">
          <reporter-output>
          </reporter-output>
        </test-method> <!-- tearDownClass -->
      </class> <!-- runner.RunCukes -->
    </test> <!-- Default test -->
  </suite> <!-- Default suite -->
</testng-results>
